{
  "stats": {
    "suites": 1,
    "tests": 8,
    "passes": 8,
    "pending": 0,
    "failures": 0,
    "start": "2025-12-09T22:30:29.112Z",
    "end": "2025-12-09T22:30:31.949Z",
    "duration": 2837,
    "testsRegistered": 8,
    "passPercent": 100,
    "pendingPercent": 0,
    "other": 0,
    "hasOther": false,
    "skipped": 0,
    "hasSkipped": false
  },
  "results": [
    {
      "uuid": "68d7035d-9709-4229-b725-2bc98cec84e0",
      "title": "",
      "fullFile": "D:\\nodejs\\Node Assessments\\Cinema_Ticket_Purchase_API\\test\\authTest.js",
      "file": "\\test\\authTest.js",
      "beforeHooks": [],
      "afterHooks": [],
      "tests": [],
      "suites": [
        {
          "uuid": "cd752f98-d7e5-40e1-97c8-9a9d58056272",
          "title": "/Auth test",
          "fullFile": "D:\\nodejs\\Node Assessments\\Cinema_Ticket_Purchase_API\\test\\authTest.js",
          "file": "\\test\\authTest.js",
          "beforeHooks": [],
          "afterHooks": [
            {
              "title": "\"after each\" hook in \"/Auth test\"",
              "fullTitle": "/Auth test \"after each\" hook in \"/Auth test\"",
              "timedOut": false,
              "duration": 43,
              "state": null,
              "speed": null,
              "pass": false,
              "fail": false,
              "pending": false,
              "context": null,
              "code": "try {\n    await userModel.deleteMany({});\n} catch (error) {\n    console.log(error);\n}",
              "err": {},
              "uuid": "b5e99901-d63f-439a-821f-73665fd9c0a5",
              "parentUUID": "cd752f98-d7e5-40e1-97c8-9a9d58056272",
              "isHook": true,
              "skipped": false
            }
          ],
          "tests": [
            {
              "title": "it should not create user without name",
              "fullTitle": "/Auth test it should not create user without name",
              "timedOut": false,
              "duration": 59,
              "state": "passed",
              "speed": "medium",
              "pass": true,
              "fail": false,
              "pending": false,
              "context": null,
              "code": "const user = {email: 'abs@gmail.com', password: '12345678', confirmPassword: '12345678'};\nchai.request(server)\n    .post('/cinema/signup')\n    .send(user)\n    .end((err, res) => {\n        res.should.have.status(400);\n        res.body.should.be.a('object');\n        res.body.should.have.property('status').equal('fail');\n        res.body.should.have.property('message').equal('Provide your name');\n        done();\n    });",
              "err": {},
              "uuid": "fca383f4-087b-4ca3-88cf-31a33dd1c604",
              "parentUUID": "cd752f98-d7e5-40e1-97c8-9a9d58056272",
              "isHook": false,
              "skipped": false
            },
            {
              "title": "it should not create user without email",
              "fullTitle": "/Auth test it should not create user without email",
              "timedOut": false,
              "duration": 9,
              "state": "passed",
              "speed": "fast",
              "pass": true,
              "fail": false,
              "pending": false,
              "context": null,
              "code": "const user = {name: 'abc', password: '12345678', confirmPassword: '12345678'};\nchai.request(server)\n    .post('/cinema/signup')\n    .send(user)\n    .end((err, res) => {\n        res.should.have.status(400);\n        res.body.should.be.a('object');\n        res.body.should.have.property('status').equal('fail');\n        res.body.should.have.property('message').equal('Provide your email');\n        done();\n    });",
              "err": {},
              "uuid": "d3f211e9-b4e3-45eb-ad7a-2d4f7756fcf1",
              "parentUUID": "cd752f98-d7e5-40e1-97c8-9a9d58056272",
              "isHook": false,
              "skipped": false
            },
            {
              "title": "it should not create user without password and confirm password",
              "fullTitle": "/Auth test it should not create user without password and confirm password",
              "timedOut": false,
              "duration": 8,
              "state": "passed",
              "speed": "fast",
              "pass": true,
              "fail": false,
              "pending": false,
              "context": null,
              "code": "const user = {name: 'abc', email: 'abs@gmail.com'};\nchai.request(server)\n    .post('/cinema/signup')\n    .send(user)\n    .end((err, res) => {\n        res.should.have.status(400);\n        res.body.should.be.a('object');\n        res.body.should.have.property('status').equal('fail');\n        res.body.should.have.property('message').equal('Please confirm password');\n        done();\n    });",
              "err": {},
              "uuid": "f8d88702-2c9b-4455-9b11-351b7c24511b",
              "parentUUID": "cd752f98-d7e5-40e1-97c8-9a9d58056272",
              "isHook": false,
              "skipped": false
            },
            {
              "title": "it should not create user with wrong email id",
              "fullTitle": "/Auth test it should not create user with wrong email id",
              "timedOut": false,
              "duration": 10,
              "state": "passed",
              "speed": "fast",
              "pass": true,
              "fail": false,
              "pending": false,
              "context": null,
              "code": "const user = {name: 'abc', email: 'abs', password: '12345678', confirmPassword: '12345678'};\nchai.request(server)\n    .post('/cinema/signup')\n    .send(user)\n    .end((err, res) => {\n        res.should.have.status(400);\n        res.body.should.be.a('object');\n        res.body.should.have.property('status').equal('fail');\n        res.body.should.have.property('message').equal('invalid email address');\n        done()\n    });",
              "err": {},
              "uuid": "450aee3f-3cad-44b5-8cd4-b7b24f59dc4d",
              "parentUUID": "cd752f98-d7e5-40e1-97c8-9a9d58056272",
              "isHook": false,
              "skipped": false
            },
            {
              "title": "it should not create user with password of length less than 8",
              "fullTitle": "/Auth test it should not create user with password of length less than 8",
              "timedOut": false,
              "duration": 9,
              "state": "passed",
              "speed": "fast",
              "pass": true,
              "fail": false,
              "pending": false,
              "context": null,
              "code": "const user = {name: 'abc', email: 'abs@gmail.com', password: '12345', confirmPassword: '12345'};\nchai.request(server)\n    .post('/cinema/signup')\n    .send(user)\n    .end((err, res) => {\n        res.should.have.status(400);\n        res.body.should.be.a('object');\n        res.body.should.have.property('status').equal('fail');\n        res.body.should.have.property('message').equal('password must be minimum 8 characters long');\n        done();\n    });",
              "err": {},
              "uuid": "3f3f72c6-844d-4e68-a251-0ac54c562065",
              "parentUUID": "cd752f98-d7e5-40e1-97c8-9a9d58056272",
              "isHook": false,
              "skipped": false
            },
            {
              "title": "it should not create user if password and confirm password do not match",
              "fullTitle": "/Auth test it should not create user if password and confirm password do not match",
              "timedOut": false,
              "duration": 5,
              "state": "passed",
              "speed": "fast",
              "pass": true,
              "fail": false,
              "pending": false,
              "context": null,
              "code": "const user = {name: 'abc', email: 'abs@gmail.com', password: '12345678', confirmPassword: '123459079'};\nchai.request(server)\n    .post('/cinema/signup')\n    .send(user)\n    .end((err, res) => {\n        res.should.have.status(400);\n        res.body.should.be.a('object');\n        res.body.should.have.property('status').equal('fail');\n        res.body.should.have.property('message').equal('Password and confirm password do not match');\n        done();\n    });",
              "err": {},
              "uuid": "f9a23099-1935-4188-a3a9-e016a53e46df",
              "parentUUID": "cd752f98-d7e5-40e1-97c8-9a9d58056272",
              "isHook": false,
              "skipped": false
            },
            {
              "title": "it should not create user if user with given email already exist",
              "fullTitle": "/Auth test it should not create user if user with given email already exist",
              "timedOut": false,
              "duration": 812,
              "state": "passed",
              "speed": "slow",
              "pass": true,
              "fail": false,
              "pending": false,
              "context": null,
              "code": "const user1 = {name: 'abc', email: 'abc@gmail.com', password: '12345678', confirmPassword: '12345678'};\nuserModel.create(user1);\nconst user2 = {name: 'hello', email: 'abc@gmail.com', password: 'hello1234', confirmPassword: 'hello1234'}\nchai.request(server)\n    .post('/cinema/signup')\n    .send(user2)\n    .end((err, res) => {\n        res.should.have.status(400);\n        res.body.should.be.a('object');\n        res.body.should.have.property('status').equal('fail');\n        res.body.should.have.property('message').equal(`User with email ${user2.email} already exist. Try with diffrent email address`);\n        // userModel.deleteMany({});\n        done();\n    });",
              "err": {},
              "uuid": "32ee008a-53b8-4eb2-8621-4e4ef7ae89b0",
              "parentUUID": "cd752f98-d7e5-40e1-97c8-9a9d58056272",
              "isHook": false,
              "skipped": false
            },
            {
              "title": "it should create user",
              "fullTitle": "/Auth test it should create user",
              "timedOut": false,
              "duration": 422,
              "state": "passed",
              "speed": "slow",
              "pass": true,
              "fail": false,
              "pending": false,
              "context": null,
              "code": "const user = {name: 'hello', email: 'hello@gmail.com', password: '12345678', confirmPassword: '12345678'};\nchai.request(server)\n    .post('/cinema/signup')\n    .send(user)\n    .end((err, res) => {\n        res.should.have.status(201);\n        res.body.should.be.a('object');\n        res.body.should.have.property('status').equal('success');\n        res.body.should.have.property('token');\n        res.body.token.should.be.a('string');\n        res.body.should.have.property('data');\n        res.body.data.should.have.property('user');\n        res.body.data.user.should.be.a('object');\n        // userModel.deleteMany({});\n        done();\n    });",
              "err": {},
              "uuid": "a8abce61-fb7d-43a6-953f-e03dfc35dc70",
              "parentUUID": "cd752f98-d7e5-40e1-97c8-9a9d58056272",
              "isHook": false,
              "skipped": false
            }
          ],
          "suites": [],
          "passes": [
            "fca383f4-087b-4ca3-88cf-31a33dd1c604",
            "d3f211e9-b4e3-45eb-ad7a-2d4f7756fcf1",
            "f8d88702-2c9b-4455-9b11-351b7c24511b",
            "450aee3f-3cad-44b5-8cd4-b7b24f59dc4d",
            "3f3f72c6-844d-4e68-a251-0ac54c562065",
            "f9a23099-1935-4188-a3a9-e016a53e46df",
            "32ee008a-53b8-4eb2-8621-4e4ef7ae89b0",
            "a8abce61-fb7d-43a6-953f-e03dfc35dc70"
          ],
          "failures": [],
          "pending": [],
          "skipped": [],
          "duration": 1334,
          "root": false,
          "rootEmpty": false,
          "_timeout": 50000
        }
      ],
      "passes": [],
      "failures": [],
      "pending": [],
      "skipped": [],
      "duration": 0,
      "root": true,
      "rootEmpty": true,
      "_timeout": 50000
    }
  ],
  "meta": {
    "mocha": {
      "version": "10.6.0"
    },
    "mochawesome": {
      "options": {
        "quiet": false,
        "reportFilename": "mochawesome",
        "saveHtml": true,
        "saveJson": true,
        "consoleReporter": "spec",
        "useInlineDiffs": false,
        "code": true
      },
      "version": "7.1.3"
    },
    "marge": {
      "options": null,
      "version": "6.2.0"
    }
  }
}